<?xml version="1.0" encoding="utf-8"?><testsuites name="pytest tests"><testsuite name="pytest" errors="0" failures="0" skipped="0" tests="26" time="16.634" timestamp="2026-09-03T22:01:32.401644+00:00" hostname="agent-env-c6193a23-bceb-4cbb-a537-bd6e99f3e693"><testcase classname="backend.tests.backend_test" name="test_health" time="0.472" /><testcase classname="backend.tests.backend_test" name="test_caregiver_signup_and_login" time="0.761" /><testcase classname="backend.tests.backend_test" name="test_caregiver_signup_duplicate_conflict" time="0.137" /><testcase classname="backend.tests.backend_test" name="test_caregiver_login_bad_password" time="0.382" /><testcase classname="backend.tests.backend_test" name="test_profile_requires_consent" time="0.126" /><testcase classname="backend.tests.backend_test" name="test_profile_get_as_caregiver_no_pin_hash" time="0.948" /><testcase classname="backend.tests.backend_test" name="test_profile_get_unlinked_caregiver_forbidden" time="0.572" /><testcase classname="backend.tests.backend_test" name="test_verify_pin_wrong_then_lockout" time="2.452" /><testcase classname="backend.tests.backend_test" name="test_sync_push_idempotent_and_pull" time="0.510" /><testcase classname="backend.tests.backend_test" name="test_sync_push_no_token_401" time="0.143" /><testcase classname="backend.tests.backend_test" name="test_sync_pull_wrong_patient_403" time="1.927" /><testcase classname="backend.tests.backend_test" name="test_voice_tts_requires_patient_token" time="0.133" /><testcase classname="backend.tests.backend_test" name="test_voice_tts_rejects_assamese" time="0.161" /><testcase classname="backend.tests.backend_test" name="test_voice_tts_rejects_manipuri" time="0.151" /><testcase classname="backend.tests.backend_test" name="test_voice_tts_accepts_supported_language" time="1.291" /><testcase classname="backend.tests.backend_test" name="test_sos_trigger_no_token_401" time="0.142" /><testcase classname="backend.tests.backend_test" name="test_sos_trigger_patient_mismatch_403" time="0.895" /><testcase classname="backend.tests.backend_test" name="test_sos_trigger_idempotent_no_duplicate_feed" time="0.592" /><testcase classname="backend.tests.backend_test" name="test_sos_detail_updates_same_record" time="0.532" /><testcase classname="backend.tests.backend_test" name="test_sos_detail_unknown_id_404" time="0.140" /><testcase classname="backend.tests.backend_test" name="test_sos_resolve_requires_linked_caregiver" time="1.075" /><testcase classname="backend.tests.backend_test" name="test_sos_resolve_unknown_id_404" time="0.156" /><testcase classname="backend.tests.backend_test" name="test_geofence_breach_creates_alert" time="0.385" /><testcase classname="backend.tests.backend_test" name="test_geofence_patient_mismatch_403" time="0.953" /><testcase classname="backend.tests.backend_test" name="test_dashboard_alerts_requires_linked_caregiver" time="0.837" /><testcase classname="backend.tests.backend_test" name="test_dashboard_location_requires_linked_caregiver" time="0.663" /></testsuite></testsuites>