<?xml version="1.0" encoding="utf-8"?><testsuites name="pytest tests"><testsuite name="pytest" errors="0" failures="0" skipped="0" tests="15" time="9.718" timestamp="2026-09-03T21:40:36.783613+00:00" hostname="agent-env-c6193a23-bceb-4cbb-a537-bd6e99f3e693"><testcase classname="backend.tests.backend_test" name="test_health" time="0.398" /><testcase classname="backend.tests.backend_test" name="test_caregiver_signup_and_login" time="0.776" /><testcase classname="backend.tests.backend_test" name="test_caregiver_signup_duplicate_conflict" time="0.197" /><testcase classname="backend.tests.backend_test" name="test_caregiver_login_bad_password" time="0.364" /><testcase classname="backend.tests.backend_test" name="test_profile_requires_consent" time="0.185" /><testcase classname="backend.tests.backend_test" name="test_profile_get_as_caregiver_no_pin_hash" time="0.957" /><testcase classname="backend.tests.backend_test" name="test_profile_get_unlinked_caregiver_forbidden" time="0.530" /><testcase classname="backend.tests.backend_test" name="test_verify_pin_wrong_then_lockout" time="2.591" /><testcase classname="backend.tests.backend_test" name="test_sync_push_idempotent_and_pull" time="0.380" /><testcase classname="backend.tests.backend_test" name="test_sync_push_no_token_401" time="0.136" /><testcase classname="backend.tests.backend_test" name="test_sync_pull_wrong_patient_403" time="0.905" /><testcase classname="backend.tests.backend_test" name="test_voice_tts_requires_patient_token" time="0.131" /><testcase classname="backend.tests.backend_test" name="test_voice_tts_rejects_assamese" time="0.136" /><testcase classname="backend.tests.backend_test" name="test_voice_tts_rejects_manipuri" time="0.126" /><testcase classname="backend.tests.backend_test" name="test_voice_tts_accepts_supported_language" time="1.716" /></testsuite></testsuites>